-5 0 -0
-4.95 0.7053367989832933 -0.7053367989832933
-4.9 0.9949874371066174 -0.9949874371066174
-4.8500000000000005 1.21552457811432 -1.21552457811432
-4.800000000000001 1.3999999999999977 -1.3999999999999977
-4.750000000000001 1.5612494995995974 -1.5612494995995974
-4.700000000000001 1.705872210923195 -1.705872210923195
-4.650000000000001 1.8377975949489072 -1.8377975949489072
-4.600000000000001 1.9595917942265388 -1.9595917942265388
-4.550000000000002 2.0730412441627846 -2.0730412441627846
-4.500000000000002 2.1794494717703325 -2.1794494717703325
-4.450000000000002 2.279802623035596 -2.279802623035596
-4.400000000000002 2.37486841740758 -2.37486841740758
-4.350000000000002 2.465258607124206 -2.465258607124206
-4.3000000000000025 2.551470164434611 -2.551470164434611
-4.250000000000003 2.6339134382131806 -2.6339134382131806
-4.200000000000003 2.7129319932501024 -2.7129319932501024
-4.150000000000003 2.7888169534768634 -2.7888169534768634
-4.100000000000003 2.8618176042508323 -2.8618176042508323
-4.050000000000003 2.932149382279145 -2.932149382279145
-4.0000000000000036 2.999999999999995 -2.999999999999995
-3.9500000000000037 3.0655342111938615 -3.0655342111938615
-3.900000000000004 3.1288975694323984 -3.1288975694323984
-3.850000000000004 3.1902194281898493 -3.1902194281898493
-3.8000000000000043 3.249615361854379 -3.249615361854379
-3.7500000000000044 3.3071891388307333 -3.3071891388307333
-3.7000000000000046 3.363034344160042 -3.363034344160042
-3.650000000000005 3.41723572496835 -3.41723572496835
-3.600000000000005 3.4698703145794894 -3.4698703145794894
-3.550000000000005 3.5210083782916457 -3.5210083782916457
-3.5000000000000053 3.57071421427142 -3.57071421427142
-3.4500000000000055 3.619046835839509 -3.619046835839509
-3.4000000000000057 3.666060555964667 -3.666060555964667
-3.350000000000006 3.7118054905934876 -3.7118054905934876
-3.300000000000006 3.7563279941985845 -3.7563279941985845
-3.250000000000006 3.7996710383926606 -3.7996710383926606
-3.2000000000000064 3.841874542459704 -3.841874542459704
-3.1500000000000066 3.8829756630707792 -3.8829756630707792
-3.1000000000000068 3.923009049186601 -3.923009049186601
-3.050000000000007 3.9620070671315006 -3.9620070671315006
-3.000000000000007 3.9999999999999947 -3.9999999999999947
-2.9500000000000073 4.037016224886885 -4.037016224886885
-2.9000000000000075 4.073082370883255 -4.073082370883255
-2.8500000000000076 4.108223460329289 -4.108223460329289
-2.800000000000008 4.14246303544159 -4.14246303544159
-2.750000000000008 4.1758232721225115 -4.1758232721225115
-2.700000000000008 4.208325082500157 -4.208325082500157
-2.6500000000000083 4.239988207530766 -4.239988207530766
-2.6000000000000085 4.270831300812519 -4.270831300812519
-2.5500000000000087 4.300872004605573 -4.300872004605573
-2.500000000000009 4.330127018922188 -4.330127018922188
-2.450000000000009 4.358612164439497 -4.358612164439497
-2.4000000000000092 4.386342439892257 -4.386342439892257
-2.3500000000000094 4.413332074521467 -4.413332074521467
-2.3000000000000096 4.439594576084618 -4.439594576084618
-2.2500000000000098 4.465142774872933 -4.465142774872933
-2.20000000000001 4.489988864128725 -4.489988864128725
-2.15000000000001 4.514144437210661 -4.514144437210661
-2.1000000000000103 4.5376205218153665 -4.5376205218153665
-2.0500000000000105 4.560427611529422 -4.560427611529422
-2.0000000000000107 4.582575694955835 -4.582575694955835
-1.9500000000000106 4.604074282632716 -4.604074282632716
-1.9000000000000106 4.624932431938866 -4.624932431938866
-1.8500000000000105 4.645158770160602 -4.645158770160602
-1.8000000000000105 4.664761515876236 -4.664761515876236
-1.7500000000000104 4.683748498798795 -4.683748498798795
-1.7000000000000104 4.7021271782034955 -4.7021271782034955
-1.6500000000000103 4.719904660054053 -4.719904660054053
-1.6000000000000103 4.7370877129308 -4.7370877129308
-1.5500000000000103 4.753682782853728 -4.753682782853728
-1.5000000000000102 4.7696960070847245 -4.7696960070847245
-1.4500000000000102 4.785133226985428 -4.785133226985428
-1.4000000000000101 4.799999999999997 -4.799999999999997
-1.35000000000001 4.814301610825808 -4.814301610825808
-1.30000000000001 4.828043081829322 -4.828043081829322
-1.25000000000001 4.841229182759268 -4.841229182759268
-1.20000000000001 4.853864439804637 -4.853864439804637
-1.15000000000001 4.865953144040741 -4.865953144040741
-1.1000000000000099 4.8774993593028775 -4.8774993593028775
-1.0500000000000098 4.8885069295235715 -4.8885069295235715
-1.0000000000000098 4.898979485566354 -4.898979485566354
-0.9500000000000097 4.90892045158607 -4.90892045158607
-0.9000000000000097 4.918333050943174 -4.918333050943174
-0.8500000000000096 4.9272203116970505 -4.9272203116970505
-0.8000000000000096 4.935585071701225 -4.935585071701225
-0.7500000000000095 4.943429983321296 -4.943429983321296
-0.7000000000000095 4.950757517794624 -4.950757517794624
-0.6500000000000095 4.957569969249046 -4.957569969249046
-0.6000000000000094 4.963869458396341 -4.963869458396341
-0.5500000000000094 4.969657935914704 -4.969657935914704
-0.5000000000000093 4.974937185533099 -4.974937185533099
-0.45000000000000934 4.9797088268291345 -4.9797088268291345
-0.40000000000000935 4.983974317750844 -4.983974317750844
-0.35000000000000936 4.987734956871705 -4.987734956871705
-0.30000000000000937 4.990991885387111 -4.990991885387111
-0.2500000000000094 4.993746088859544 -4.993746088859544
-0.2000000000000094 4.995998398718719 -4.995998398718719
-0.1500000000000094 4.9977494935220586 -4.9977494935220586
-0.1000000000000094 4.998999899979995 -4.998999899979995
-0.0500000000000094 4.999749993749687 -4.999749993749687
-0.000000000000009395262345890387 5 -5
0.04999999999999061 4.999749993749687 -4.999749993749687
0.09999999999999061 4.998999899979995 -4.998999899979995
0.1499999999999906 4.997749493522059 -4.997749493522059
0.19999999999999063 4.995998398718719 -4.995998398718719
0.24999999999999062 4.993746088859545 -4.993746088859545
0.2999999999999906 4.990991885387113 -4.990991885387113
0.3499999999999906 4.987734956871707 -4.987734956871707
0.3999999999999906 4.983974317750846 -4.983974317750846
0.4499999999999906 4.979708826829136 -4.979708826829136
0.49999999999999056 4.974937185533101 -4.974937185533101
0.5499999999999906 4.9696579359147055 -4.9696579359147055
0.5999999999999907 4.963869458396344 -4.963869458396344
0.6499999999999907 4.9575699692490485 -4.9575699692490485
0.6999999999999907 4.950757517794626 -4.950757517794626
0.7499999999999908 4.943429983321298 -4.943429983321298
0.7999999999999908 4.935585071701228 -4.935585071701228
0.8499999999999909 4.927220311697054 -4.927220311697054
0.8999999999999909 4.918333050943176 -4.918333050943176
0.949999999999991 4.908920451586074 -4.908920451586074
0.999999999999991 4.898979485566358 -4.898979485566358
1.049999999999991 4.888506929523576 -4.888506929523576
1.099999999999991 4.877499359302882 -4.877499359302882
1.149999999999991 4.865953144040746 -4.865953144040746
1.199999999999991 4.85386443980464 -4.85386443980464
1.2499999999999911 4.841229182759274 -4.841229182759274
1.2999999999999912 4.8280430818293265 -4.8280430818293265
1.3499999999999912 4.814301610825813 -4.814301610825813
1.3999999999999913 4.8000000000000025 -4.8000000000000025
1.4499999999999913 4.785133226985433 -4.785133226985433
1.4999999999999913 4.769696007084731 -4.769696007084731
1.5499999999999914 4.753682782853734 -4.753682782853734
1.5999999999999914 4.7370877129308075 -4.7370877129308075
1.6499999999999915 4.71990466005406 -4.71990466005406
1.6999999999999915 4.702127178203502 -4.702127178203502
1.7499999999999916 4.683748498798802 -4.683748498798802
1.7999999999999916 4.664761515876243 -4.664761515876243
1.8499999999999917 4.645158770160609 -4.645158770160609
1.8999999999999917 4.624932431938874 -4.624932431938874
1.9499999999999917 4.604074282632724 -4.604074282632724
1.9999999999999918 4.582575694955843 -4.582575694955843
2.049999999999992 4.560427611529431 -4.560427611529431
2.0999999999999917 4.537620521815375 -4.537620521815375
2.1499999999999915 4.51414443721067 -4.51414443721067
2.1999999999999913 4.489988864128734 -4.489988864128734
2.249999999999991 4.465142774872942 -4.465142774872942
2.299999999999991 4.439594576084628 -4.439594576084628
2.3499999999999908 4.413332074521477 -4.413332074521477
2.3999999999999906 4.386342439892267 -4.386342439892267
2.4499999999999904 4.358612164439507 -4.358612164439507
2.4999999999999902 4.330127018922199 -4.330127018922199
2.54999999999999 4.3008720046055835 -4.3008720046055835
2.59999999999999 4.270831300812531 -4.270831300812531
2.6499999999999897 4.239988207530778 -4.239988207530778
2.6999999999999895 4.20832508250017 -4.20832508250017
2.7499999999999893 4.175823272122523 -4.175823272122523
2.799999999999989 4.142463035441603 -4.142463035441603
2.849999999999989 4.1082234603293015 -4.1082234603293015
2.899999999999989 4.073082370883268 -4.073082370883268
2.9499999999999886 4.037016224886899 -4.037016224886899
2.9999999999999885 4.000000000000009 -4.000000000000009
3.0499999999999883 3.9620070671315153 -3.9620070671315153
3.099999999999988 3.9230090491866156 -3.9230090491866156
3.149999999999988 3.882975663070795 -3.882975663070795
3.1999999999999877 3.841874542459719 -3.841874542459719
3.2499999999999876 3.7996710383926766 -3.7996710383926766
3.2999999999999874 3.7563279941986005 -3.7563279941986005
3.349999999999987 3.7118054905935045 -3.7118054905935045
3.399999999999987 3.666060555964684 -3.666060555964684
3.449999999999987 3.619046835839527 -3.619046835839527
3.4999999999999867 3.570714214271438 -3.570714214271438
3.5499999999999865 3.5210083782916644 -3.5210083782916644
3.5999999999999863 3.469870314579509 -3.469870314579509
3.649999999999986 3.41723572496837 -3.41723572496837
3.699999999999986 3.363034344160063 -3.363034344160063
3.749999999999986 3.307189138830754 -3.307189138830754
3.7999999999999856 3.249615361854401 -3.249615361854401
3.8499999999999854 3.190219428189872 -3.190219428189872
3.8999999999999853 3.1288975694324215 -3.1288975694324215
3.949999999999985 3.0655342111938855 -3.0655342111938855
3.999999999999985 3.00000000000002 -3.00000000000002
4.049999999999985 2.932149382279171 -2.932149382279171
4.0999999999999845 2.861817604250859 -2.861817604250859
4.149999999999984 2.788816953476892 -2.788816953476892
4.199999999999984 2.712931993250132 -2.712931993250132
4.249999999999984 2.6339134382132103 -2.6339134382132103
4.299999999999984 2.551470164434642 -2.551470164434642
4.349999999999984 2.465258607124239 -2.465258607124239
4.3999999999999835 2.3748684174076145 -2.3748684174076145
4.449999999999983 2.2798026230356316 -2.2798026230356316
4.499999999999983 2.1794494717703716 -2.1794494717703716
4.549999999999983 2.0730412441628254 -2.0730412441628254
4.599999999999983 1.9595917942265833 -1.9595917942265833
4.649999999999983 1.8377975949489544 -1.8377975949489544
4.699999999999982 1.705872210923246 -1.705872210923246
4.749999999999982 1.5612494995996542 -1.5612494995996542
4.799999999999982 1.4000000000000612 -1.4000000000000612
4.849999999999982 1.2155245781143946 -1.2155245781143946
4.899999999999982 0.9949874371067102 -0.9949874371067102
4.9499999999999815 0.7053367989834243 -0.7053367989834243
4.999999999999981 0.00000042981520598697533 -0.00000042981520598697533